nohup: ignoring input
[[1;34mINFO[m] Scanning for projects...
[[1;34mINFO[m] 
[[1;34mINFO[m] [1m------------< [0;36mcom.paymentengine:payment-processing-minimal[0;1m >------------[m
[[1;34mINFO[m] [1mBuilding Payment Engine - Minimal Payment Processing Service 1.0.0[m
[[1;34mINFO[m]   from pom.xml
[[1;34mINFO[m] [1m--------------------------------[ jar ]---------------------------------[m
[[1;34mINFO[m] 
[[1;34mINFO[m] [1m>>> [0;32mspring-boot:3.2.1:run[m [1m(default-cli)[0;1m > [0;1mtest-compile[m @ [36mpayment-processing-minimal[0;1m >>>[m
[[1;34mINFO[m] 
[[1;34mINFO[m] [1m--- [0;32mresources:3.3.1:resources[m [1m(default-resources)[m @ [36mpayment-processing-minimal[0;1m ---[m
[[1;34mINFO[m] Copying 1 resource from src/main/resources to target/classes
[[1;34mINFO[m] Copying 0 resource from src/main/resources to target/classes
[[1;34mINFO[m] 
[[1;34mINFO[m] [1m--- [0;32mcompiler:3.11.0:compile[m [1m(default-compile)[m @ [36mpayment-processing-minimal[0;1m ---[m
[[1;34mINFO[m] Nothing to compile - all classes are up to date
[[1;34mINFO[m] 
[[1;34mINFO[m] [1m--- [0;32mresources:3.3.1:testResources[m [1m(default-testResources)[m @ [36mpayment-processing-minimal[0;1m ---[m
[[1;34mINFO[m] skip non existing resourceDirectory /workspace/services/payment-processing-minimal/src/test/resources
[[1;34mINFO[m] 
[[1;34mINFO[m] [1m--- [0;32mcompiler:3.11.0:testCompile[m [1m(default-testCompile)[m @ [36mpayment-processing-minimal[0;1m ---[m
[[1;34mINFO[m] Changes detected - recompiling the module! :source
[[1;34mINFO[m] Compiling 1 source file with javac [debug release 17] to target/test-classes
[[1;34mINFO[m] 
[[1;34mINFO[m] [1m<<< [0;32mspring-boot:3.2.1:run[m [1m(default-cli)[0;1m < [0;1mtest-compile[m @ [36mpayment-processing-minimal[0;1m <<<[m
[[1;34mINFO[m] 
[[1;34mINFO[m] 
[[1;34mINFO[m] [1m--- [0;32mspring-boot:3.2.1:run[m [1m(default-cli)[m @ [36mpayment-processing-minimal[0;1m ---[m
[[1;34mINFO[m] Attaching agents: []

  .   ____          _            __ _ _
 /\\ / ___'_ __ _ _(_)_ __  __ _ \ \ \ \
( ( )\___ | '_ | '_| | '_ \/ _` | \ \ \ \
 \\/  ___)| |_)| | | | | || (_| |  ) ) ) )
  '  |____| .__|_| |_|_| |_\__, | / / / /
 =========|_|==============|___/=/_/_/_/
 :: Spring Boot ::                (v3.2.1)

2025-09-23T20:15:28.244Z  INFO 28593 --- [payment-processing-minimal-service] [           main] .p.p.PaymentProcessingMinimalApplication : Starting PaymentProcessingMinimalApplication using Java 21.0.7 with PID 28593 (/workspace/services/payment-processing-minimal/target/classes started by ubuntu in /workspace/services/payment-processing-minimal)
2025-09-23T20:15:28.246Z  INFO 28593 --- [payment-processing-minimal-service] [           main] .p.p.PaymentProcessingMinimalApplication : No active profile set, falling back to 1 default profile: "default"
2025-09-23T20:15:30.185Z  INFO 28593 --- [payment-processing-minimal-service] [           main] o.apache.catalina.core.StandardService   : Starting service [Tomcat]
2025-09-23T20:15:30.186Z  INFO 28593 --- [payment-processing-minimal-service] [           main] o.apache.catalina.core.StandardEngine    : Starting Servlet engine: [Apache Tomcat/10.1.17]
2025-09-23T20:15:30.249Z  INFO 28593 --- [payment-processing-minimal-service] [           main] o.a.c.c.C.[.[.[/payment-processing]      : Initializing Spring embedded WebApplicationContext
2025-09-23T20:15:32.522Z  WARN 28593 --- [payment-processing-minimal-service] [           main] ConfigServletWebServerApplicationContext : Exception encountered during context initialization - cancelling refresh attempt: org.springframework.context.ApplicationContextException: Failed to start bean 'webServerStartStop'
2025-09-23T20:15:32.568Z ERROR 28593 --- [payment-processing-minimal-service] [           main] o.s.b.d.LoggingFailureAnalysisReporter   : 

***************************
APPLICATION FAILED TO START
***************************

Description:

Web server failed to start. Port 8082 was already in use.

Action:

Identify and stop the process that's listening on port 8082 or configure this application to listen on another port.

[[1;34mINFO[m] [1m------------------------------------------------------------------------[m
[[1;34mINFO[m] [1;31mBUILD FAILURE[m
[[1;34mINFO[m] [1m------------------------------------------------------------------------[m
[[1;34mINFO[m] Total time:  9.187 s
[[1;34mINFO[m] Finished at: 2025-09-23T20:15:33Z
[[1;34mINFO[m] [1m------------------------------------------------------------------------[m
[[1;31mERROR[m] Failed to execute goal [32morg.springframework.boot:spring-boot-maven-plugin:3.2.1:run[m [1m(default-cli)[m on project [36mpayment-processing-minimal[m: [1;31mProcess terminated with exit code: 1[m -> [1m[Help 1][m
[[1;31mERROR[m] 
[[1;31mERROR[m] To see the full stack trace of the errors, re-run Maven with the [1m-e[m switch.
[[1;31mERROR[m] Re-run Maven using the [1m-X[m switch to enable full debug logging.
[[1;31mERROR[m] 
[[1;31mERROR[m] For more information about the errors and possible solutions, please read the following articles:
[[1;31mERROR[m] [1m[Help 1][m http://cwiki.apache.org/confluence/display/MAVEN/MojoExecutionException
